2025-04-17 15:15:14,963 - INFO - Открытие сессии с БД...
2025-04-17 15:15:14,970 - INFO - Сессия с БД успешно открыта.
2025-04-17 15:15:15,006 - INFO - Успешно обработано и закэшировано 1 профилей в Redis.
2025-04-17 15:15:15,006 - INFO - Собрано уникальных профилей по алгоритму: 1
2025-04-17 15:15:15,007 - INFO - Сформировано страниц: 1
2025-04-17 15:15:15,007 - INFO - В кэше размещено 1 страниц.
2025-04-17 15:15:15,007 - INFO - Сформировано и закэшировано 1 страниц из 1 профилей.
2025-04-17 15:15:15,007 - INFO - Закрытие сессии с БД.
2025-04-17 15:21:14,954 - INFO - Открытие сессии с БД...
2025-04-17 15:21:14,959 - INFO - Сессия с БД успешно открыта.
2025-04-17 15:21:14,990 - INFO - Успешно обработано и закэшировано 1 профилей в Redis.
2025-04-17 15:21:14,991 - INFO - Собрано уникальных профилей по алгоритму: 1
2025-04-17 15:21:14,991 - INFO - Сформировано страниц: 1
2025-04-17 15:21:14,991 - INFO - В кэше размещено 1 страниц.
2025-04-17 15:21:14,991 - INFO - Сформировано и закэшировано 1 страниц из 1 профилей.
2025-04-17 15:21:14,991 - INFO - Закрытие сессии с БД.
2025-04-17 15:24:14,954 - INFO - Открытие сессии с БД...
2025-04-17 15:24:14,958 - INFO - Сессия с БД успешно открыта.
2025-04-17 15:24:14,973 - INFO - Логи старше 10 минут и строки с неправильным форматом удалены из файла video_service.log.
2025-04-17 15:24:14,990 - INFO - Успешно обработано и закэшировано 1 профилей в Redis.
2025-04-17 15:24:14,990 - INFO - Собрано уникальных профилей по алгоритму: 1
2025-04-17 15:24:14,990 - INFO - Сформировано страниц: 1
2025-04-17 15:24:14,991 - INFO - В кэше размещено 1 страниц.
2025-04-17 15:24:14,991 - INFO - Сформировано и закэшировано 1 страниц из 1 профилей.
2025-04-17 15:24:14,991 - INFO - Закрытие сессии с БД.
2025-04-17 15:26:37,513 - ERROR - Ошибка при получении сообщения: Connection closed by server.
Module: __main__, Function: main, Line: 196
2025-04-18 09:41:24,967 - INFO - Запуск подписки на канал Redis для получения задач
2025-04-18 09:41:24,999 - INFO - Redis доступен.
2025-04-18 09:41:24,999 - INFO - Проверка соединения с AWS S3...
2025-04-18 09:41:25,602 - INFO - Запуск приложения и инициализация базы данных...
2025-04-18 09:41:25,602 - DEBUG - Начало инициализации базы данных...
2025-04-18 09:41:25,683 - INFO - База данных успешно инициализирована.
2025-04-18 09:41:25,684 - INFO - Приложение успешно запущено. Соединение с базой данных установлено.
2025-04-18 09:41:25,684 - INFO - Директория уже существует: ./video_temp
2025-04-18 09:41:25,684 - INFO - Директория уже существует: ./image_temp
2025-04-18 09:41:25,684 - INFO - Директория уже существует: ./output_video
2025-04-18 09:41:25,684 - INFO - Директория уже существует: ./output_preview
2025-04-18 09:41:25,684 - INFO - Директория уже существует: ./user_logo
2025-04-18 09:41:25,684 - INFO - Директория уже существует: ./user_video_posters
2025-04-18 09:41:25,686 - INFO - Задача fetch_and_cache_profiles добавлена в расписание (каждые 5 минут).
2025-04-18 09:41:25,686 - INFO - Задача sync_data_to_db добавлена в расписание (каждые 5 минут).
2025-04-18 09:41:25,686 - INFO - Задача очистки логов добавлена в расписание (каждые 5 минут).
2025-04-18 09:41:25,686 - INFO - Задача очистки временных файлов добавлена в расписание (каждый день в 00:00).
2025-04-18 09:41:25,687 - INFO - Планировщик задач успешно запущен.
2025-04-18 09:41:26,076 - INFO - Соединение с AWS S3 установлено успешно.
2025-04-18 09:41:26,076 - INFO - Соединение с AWS S3 установлено успешно.
2025-04-18 09:41:26,077 - INFO - Подключаемся к Redis...
2025-04-18 09:41:26,077 - INFO - Подписались на канал video_tasks
2025-04-18 09:42:02,490 - INFO - Открытие сессии с БД...
2025-04-18 09:42:02,492 - INFO - Сессия с БД успешно открыта.
2025-04-18 09:42:02,602 - ERROR - Профили с именем 'Кусок ссанины' (нормализовано: 'кусок ссанины') не найдены.
Module: views, Function: get_profile_by_username, Line: 583
2025-04-18 09:42:02,602 - ERROR - Ошибка в контексте сессии: 404: Профили с таким именем не найдены.
Module: database, Function: get_db_session_for_worker, Line: 71
2025-04-18 09:42:02,602 - INFO - Закрытие сессии с БД.
2025-04-18 09:42:27,863 - INFO - Открытие сессии с БД...
2025-04-18 09:42:27,865 - INFO - Сессия с БД успешно открыта.
2025-04-18 09:42:27,888 - INFO - Поиск пользователя в базе данных.
2025-04-18 09:42:27,904 - INFO - Пользователь найден с ID 1
2025-04-18 09:42:27,921 - INFO - Получение избранного через get_favorites_from_cache.
2025-04-18 09:42:27,921 - INFO - Попытка получить избранное из кэша Redis для пользователя 1.
2025-04-18 09:42:27,926 - INFO - Избранное не найдено в кэше для пользователя 1. Загружаем из базы данных.
2025-04-18 09:42:27,926 - INFO - Открытие сессии с БД...
2025-04-18 09:42:27,926 - INFO - Сессия с БД успешно открыта.
2025-04-18 09:42:27,952 - INFO - У пользователя 1 нет избранных профилей.
2025-04-18 09:42:27,953 - INFO - Закрытие сессии с БД.
2025-04-18 09:42:27,953 - INFO - Избранное получено: []
2025-04-18 09:42:27,953 - INFO - Генерация токенов для пользователя.
2025-04-18 09:42:27,954 - INFO - Токены успешно сгенерированы.
2025-04-18 09:42:27,954 - INFO - Закрытие сессии с БД.
2025-04-18 09:43:21,189 - INFO - Открытие сессии с БД...
2025-04-18 09:43:21,194 - INFO - Сессия с БД успешно открыта.
2025-04-18 09:43:21,256 - INFO - Найдено 1 профилей для запроса 'Ебись все в рот!!!' (нормализовано: 'ебись все в рот!!!')
2025-04-18 09:43:21,257 - INFO - Закрытие сессии с БД.
2025-04-18 09:43:27,052 - ERROR - Ошибка при получении сообщения: Connection closed by server.
Module: __main__, Function: main, Line: 196
2025-04-18 21:24:58,205 - INFO - Запуск подписки на канал Redis для получения задач
2025-04-18 21:24:58,212 - INFO - Redis доступен.
2025-04-18 21:24:58,212 - INFO - Проверка соединения с AWS S3...
2025-04-18 21:24:58,653 - INFO - Запуск приложения и инициализация базы данных...
2025-04-18 21:24:58,653 - DEBUG - Начало инициализации базы данных...
2025-04-18 21:24:58,707 - INFO - База данных успешно инициализирована.
2025-04-18 21:24:58,707 - INFO - Приложение успешно запущено. Соединение с базой данных установлено.
2025-04-18 21:24:58,707 - INFO - Директория уже существует: ./video_temp
2025-04-18 21:24:58,707 - INFO - Директория уже существует: ./image_temp
2025-04-18 21:24:58,707 - INFO - Директория уже существует: ./output_video
2025-04-18 21:24:58,707 - INFO - Директория уже существует: ./output_preview
2025-04-18 21:24:58,707 - INFO - Директория уже существует: ./user_logo
2025-04-18 21:24:58,707 - INFO - Директория уже существует: ./user_video_posters
2025-04-18 21:24:58,710 - INFO - Задача fetch_and_cache_profiles добавлена в расписание (каждые 5 минут).
2025-04-18 21:24:58,710 - INFO - Задача sync_data_to_db добавлена в расписание (каждые 5 минут).
2025-04-18 21:24:58,710 - INFO - Задача очистки логов добавлена в расписание (каждые 5 минут).
2025-04-18 21:24:58,710 - INFO - Задача очистки временных файлов добавлена в расписание (каждый день в 00:00).
2025-04-18 21:24:58,710 - INFO - Планировщик задач успешно запущен.
2025-04-18 21:24:59,539 - INFO - Соединение с AWS S3 установлено успешно.
2025-04-18 21:24:59,540 - INFO - Соединение с AWS S3 установлено успешно.
2025-04-18 21:24:59,540 - INFO - Подключаемся к Redis...
2025-04-18 21:24:59,541 - INFO - Подписались на канал video_tasks
2025-04-18 21:25:19,836 - ERROR - Ошибка при получении сообщения: Connection closed by server.
Module: __main__, Function: main, Line: 196
2025-04-19 13:52:27,967 - INFO - Запуск подписки на канал Redis для получения задач
2025-04-19 13:52:27,980 - INFO - Redis доступен.
2025-04-19 13:52:27,981 - INFO - Проверка соединения с AWS S3...
2025-04-19 13:52:28,394 - INFO - Запуск приложения и инициализация базы данных...
2025-04-19 13:52:28,394 - DEBUG - Начало инициализации базы данных...
2025-04-19 13:52:28,467 - INFO - База данных успешно инициализирована.
2025-04-19 13:52:28,467 - INFO - Приложение успешно запущено. Соединение с базой данных установлено.
2025-04-19 13:52:28,467 - INFO - Директория уже существует: ./video_temp
2025-04-19 13:52:28,467 - INFO - Директория уже существует: ./image_temp
2025-04-19 13:52:28,467 - INFO - Директория уже существует: ./output_video
2025-04-19 13:52:28,467 - INFO - Директория уже существует: ./output_preview
2025-04-19 13:52:28,467 - INFO - Директория уже существует: ./user_logo
2025-04-19 13:52:28,467 - INFO - Директория уже существует: ./user_video_posters
2025-04-19 13:52:28,469 - INFO - Задача fetch_and_cache_profiles добавлена в расписание (каждые 5 минут).
2025-04-19 13:52:28,469 - INFO - Задача sync_data_to_db добавлена в расписание (каждые 5 минут).
2025-04-19 13:52:28,469 - INFO - Задача очистки логов добавлена в расписание (каждые 5 минут).
2025-04-19 13:52:28,470 - INFO - Задача очистки временных файлов добавлена в расписание (каждый день в 00:00).
2025-04-19 13:52:28,470 - INFO - Планировщик задач успешно запущен.
2025-04-19 13:52:28,922 - INFO - Соединение с AWS S3 установлено успешно.
2025-04-19 13:52:28,923 - INFO - Соединение с AWS S3 установлено успешно.
2025-04-19 13:52:28,923 - INFO - Подключаемся к Redis...
2025-04-19 13:52:28,923 - INFO - Подписались на канал video_tasks
2025-04-19 13:52:45,850 - INFO - Открытие сессии с БД...
2025-04-19 13:52:45,852 - INFO - Сессия с БД успешно открыта.
2025-04-19 13:52:45,872 - INFO - Поиск пользователя в базе данных.
2025-04-19 13:52:45,951 - INFO - Пользователь найден с ID 1
2025-04-19 13:52:46,136 - INFO - Получение избранного через get_favorites_from_cache.
2025-04-19 13:52:46,136 - INFO - Попытка получить избранное из кэша Redis для пользователя 1.
2025-04-19 13:52:46,140 - INFO - Избранное не найдено в кэше для пользователя 1. Загружаем из базы данных.
2025-04-19 13:52:46,140 - INFO - Открытие сессии с БД...
2025-04-19 13:52:46,140 - INFO - Сессия с БД успешно открыта.
2025-04-19 13:52:46,191 - INFO - У пользователя 1 нет избранных профилей.
2025-04-19 13:52:46,191 - INFO - Закрытие сессии с БД.
2025-04-19 13:52:46,191 - INFO - Избранное получено: []
2025-04-19 13:52:46,191 - INFO - Генерация токенов для пользователя.
2025-04-19 13:52:46,192 - INFO - Токены успешно сгенерированы.
2025-04-19 13:52:46,192 - INFO - Закрытие сессии с БД.
2025-04-19 13:53:49,378 - INFO - Получен запрос на загрузку видео от пользователя с ID: {current_user.user_id}
2025-04-19 13:53:49,417 - INFO - видео сохранено во временной директории: ./video_temp/5c0fe548-14a6-4dfe-893a-7247f2078865_cat_cat.mp4 (Размер: 3.20 MB)
2025-04-19 13:53:49,417 - INFO - Видео успешно загружено: ./video_temp/5c0fe548-14a6-4dfe-893a-7247f2078865_cat_cat.mp4
2025-04-19 13:54:41,551 - INFO - Открытие сессии с БД...
2025-04-19 13:54:41,553 - INFO - Сессия с БД успешно открыта.
2025-04-19 13:54:41,577 - INFO - Закрытие сессии с БД.
2025-04-19 13:55:06,554 - INFO - Открытие сессии с БД...
2025-04-19 13:55:06,556 - INFO - Сессия с БД успешно открыта.
2025-04-19 13:55:06,559 - INFO - Поиск пользователя в базе данных.
2025-04-19 13:55:06,587 - INFO - Пользователь найден с ID 1
2025-04-19 13:55:06,595 - INFO - Получение избранного через get_favorites_from_cache.
2025-04-19 13:55:06,595 - INFO - Попытка получить избранное из кэша Redis для пользователя 1.
2025-04-19 13:55:06,597 - INFO - Избранное не найдено в кэше для пользователя 1. Загружаем из базы данных.
2025-04-19 13:55:06,597 - INFO - Открытие сессии с БД...
2025-04-19 13:55:06,597 - INFO - Сессия с БД успешно открыта.
2025-04-19 13:55:06,598 - INFO - У пользователя 1 нет избранных профилей.
2025-04-19 13:55:06,599 - INFO - Закрытие сессии с БД.
2025-04-19 13:55:06,599 - INFO - Избранное получено: []
2025-04-19 13:55:06,599 - INFO - Генерация токенов для пользователя.
2025-04-19 13:55:06,601 - INFO - Токены успешно сгенерированы.
2025-04-19 13:55:06,602 - INFO - Закрытие сессии с БД.
2025-04-19 13:55:28,506 - INFO - Открытие сессии с БД...
2025-04-19 13:55:28,509 - INFO - Сессия с БД успешно открыта.
2025-04-19 13:55:28,571 - INFO - Успешно обработано и закэшировано 1 профилей в Redis.
2025-04-19 13:55:28,572 - INFO - Собрано уникальных профилей по алгоритму: 1
2025-04-19 13:55:28,572 - INFO - Сформировано страниц: 1
2025-04-19 13:55:28,572 - INFO - В кэше размещено 1 страниц.
2025-04-19 13:55:28,572 - INFO - Сформировано и закэшировано 1 страниц из 1 профилей.
2025-04-19 13:55:28,572 - INFO - Закрытие сессии с БД.
2025-04-19 13:55:31,914 - ERROR - Ошибка при получении сообщения: Connection closed by server.
Module: __main__, Function: main, Line: 196
2025-04-19 14:41:51,135 - INFO - Запуск подписки на канал Redis для получения задач
2025-04-19 14:41:51,157 - INFO - Redis доступен.
2025-04-19 14:41:51,157 - INFO - Проверка соединения с AWS S3...
2025-04-19 14:41:51,635 - INFO - Запуск приложения и инициализация базы данных...
2025-04-19 14:41:51,635 - DEBUG - Начало инициализации базы данных...
2025-04-19 14:41:51,731 - INFO - База данных успешно инициализирована.
2025-04-19 14:41:51,731 - INFO - Приложение успешно запущено. Соединение с базой данных установлено.
2025-04-19 14:41:51,731 - INFO - Директория уже существует: ./video_temp
2025-04-19 14:41:51,731 - INFO - Директория уже существует: ./image_temp
2025-04-19 14:41:51,731 - INFO - Директория уже существует: ./output_video
2025-04-19 14:41:51,731 - INFO - Директория уже существует: ./output_preview
2025-04-19 14:41:51,731 - INFO - Директория уже существует: ./user_logo
2025-04-19 14:41:51,731 - INFO - Директория уже существует: ./user_video_posters
2025-04-19 14:41:51,739 - INFO - Задача fetch_and_cache_profiles добавлена в расписание (каждые 5 минут).
2025-04-19 14:41:51,740 - INFO - Задача sync_data_to_db добавлена в расписание (каждые 5 минут).
2025-04-19 14:41:51,740 - INFO - Задача очистки логов добавлена в расписание (каждые 5 минут).
2025-04-19 14:41:51,740 - INFO - Задача очистки временных файлов добавлена в расписание (каждый день в 00:00).
2025-04-19 14:41:51,741 - INFO - Планировщик задач успешно запущен.
2025-04-19 14:41:52,271 - INFO - Соединение с AWS S3 установлено успешно.
2025-04-19 14:41:52,272 - INFO - Соединение с AWS S3 установлено успешно.
2025-04-19 14:41:52,272 - INFO - Подключаемся к Redis...
2025-04-19 14:41:52,273 - INFO - Подписались на канал video_tasks
2025-04-19 14:42:10,419 - INFO - Открытие сессии с БД...
2025-04-19 14:42:10,421 - INFO - Сессия с БД успешно открыта.
2025-04-19 14:42:10,436 - INFO - Поиск пользователя в базе данных.
2025-04-19 14:42:10,496 - INFO - Пользователь не найден, создаем нового.
2025-04-19 14:42:10,516 - INFO - Создан новый пользователь с ID 3
2025-04-19 14:42:10,516 - INFO - Генерация токенов для пользователя.
2025-04-19 14:42:10,519 - INFO - Токены успешно сгенерированы.
2025-04-19 14:42:10,521 - INFO - Закрытие сессии с БД.
2025-04-19 14:43:01,673 - INFO - Открытие сессии с БД...
2025-04-19 14:43:01,675 - INFO - Сессия с БД успешно открыта.
2025-04-19 14:43:01,762 - INFO - Права администратора успешно выданы для кошелька: 0x39b0B8cfa77fA65f36Ad186F649D36EBC7d4545
2025-04-19 14:43:01,762 - INFO - Закрытие сессии с БД.
2025-04-19 14:43:47,004 - INFO - Открытие сессии с БД...
2025-04-19 14:43:47,006 - INFO - Сессия с БД успешно открыта.
2025-04-19 14:43:47,008 - INFO - Поиск пользователя в базе данных.
2025-04-19 14:43:47,021 - INFO - Пользователь найден с ID 1
2025-04-19 14:43:47,065 - INFO - Получение избранного через get_favorites_from_cache.
2025-04-19 14:43:47,066 - INFO - Попытка получить избранное из кэша Redis для пользователя 1.
2025-04-19 14:43:47,090 - INFO - Избранное не найдено в кэше для пользователя 1. Загружаем из базы данных.
2025-04-19 14:43:47,090 - INFO - Открытие сессии с БД...
2025-04-19 14:43:47,090 - INFO - Сессия с БД успешно открыта.
2025-04-19 14:43:47,134 - INFO - У пользователя 1 нет избранных профилей.
2025-04-19 14:43:47,134 - INFO - Закрытие сессии с БД.
2025-04-19 14:43:47,135 - INFO - Избранное получено: []
2025-04-19 14:43:47,135 - INFO - Генерация токенов для пользователя.
2025-04-19 14:43:47,136 - INFO - Токены успешно сгенерированы.
2025-04-19 14:43:47,136 - INFO - Закрытие сессии с БД.
2025-04-19 14:44:51,817 - INFO - Открытие сессии с БД...
2025-04-19 14:44:51,821 - INFO - Сессия с БД успешно открыта.
2025-04-19 14:44:51,907 - INFO - Успешно обработано и закэшировано 1 профилей в Redis.
2025-04-19 14:44:51,909 - INFO - Собрано уникальных профилей по алгоритму: 1
2025-04-19 14:44:51,909 - INFO - Сформировано страниц: 1
2025-04-19 14:44:51,909 - INFO - В кэше размещено 1 страниц.
2025-04-19 14:44:51,909 - INFO - Сформировано и закэшировано 1 страниц из 1 профилей.
2025-04-19 14:44:51,909 - INFO - Закрытие сессии с БД.
2025-04-19 14:45:01,234 - ERROR - Ошибка при получении сообщения: Connection closed by server.
Module: __main__, Function: main, Line: 196
